Started at Thu Apr 21 06:06:34 UTC 2022
Processing firstjob
Offering firstjob to Project Build Discarder
Processing installjenkins
Offering installjenkins to Project Build Discarder
Processing maven
Offering maven to Project Build Discarder
Processing myfirstpipe
Offering myfirstpipe to Project Build Discarder
Processing pipeline2
Offering pipeline2 to Project Build Discarder
Processing scriptedpipeline
Offering scriptedpipeline to Project Build Discarder
Finished at Thu Apr 21 06:06:34 UTC 2022. 7ms
Started at Thu Apr 21 07:06:34 UTC 2022
Processing firstjob
Offering firstjob to Project Build Discarder
Processing installjenkins
Offering installjenkins to Project Build Discarder
Processing maven
Offering maven to Project Build Discarder
Processing myfirstpipe
Offering myfirstpipe to Project Build Discarder
Processing pipeline2
Offering pipeline2 to Project Build Discarder
Processing scriptedpipeline
Offering scriptedpipeline to Project Build Discarder
Finished at Thu Apr 21 07:06:34 UTC 2022. 4ms
